execve("./build/apps/tcp_ipv4", ["./build/apps/tcp_ipv4", "169.254.144.1", "9090"], 0xfffffa768600 /* 14 vars */) = 0
brk(NULL)                               = 0xbbb51f17b000
mmap(NULL, 8192, PROT_READ|PROT_WRITE, MAP_PRIVATE|MAP_ANONYMOUS, -1, 0) = 0xea4f4eef3000
faccessat(AT_FDCWD, "/etc/ld.so.preload", R_OK) = -1 ENOENT (No such file or directory)
openat(AT_FDCWD, "/etc/ld.so.cache", O_RDONLY|O_CLOEXEC) = 3
newfstatat(3, "", {st_mode=S_IFREG|0644, st_size=24603, ...}, AT_EMPTY_PATH) = 0
mmap(NULL, 24603, PROT_READ, MAP_PRIVATE, 3, 0) = 0xea4f4eeec000
close(3)                                = 0
openat(AT_FDCWD, "/lib/aarch64-linux-gnu/libstdc++.so.6", O_RDONLY|O_CLOEXEC) = 3
read(3, "\177ELF\2\1\1\3\0\0\0\0\0\0\0\0\3\0\267\0\1\0\0\0\0\0\0\0\0\0\0\0"..., 832) = 832
newfstatat(3, "", {st_mode=S_IFREG|0644, st_size=2502152, ...}, AT_EMPTY_PATH) = 0
mmap(NULL, 2583944, PROT_NONE, MAP_PRIVATE|MAP_ANONYMOUS|MAP_DENYWRITE, -1, 0) = 0xea4f4ec43000
mmap(0xea4f4ec50000, 2518408, PROT_READ|PROT_EXEC, MAP_PRIVATE|MAP_FIXED|MAP_DENYWRITE, 3, 0) = 0xea4f4ec50000
munmap(0xea4f4ec43000, 53248)           = 0
munmap(0xea4f4eeb7000, 11656)           = 0
mprotect(0xea4f4ee99000, 49152, PROT_NONE) = 0
mmap(0xea4f4eea5000, 57344, PROT_READ|PROT_WRITE, MAP_PRIVATE|MAP_FIXED|MAP_DENYWRITE, 3, 0x255000) = 0xea4f4eea5000
mmap(0xea4f4eeb3000, 15752, PROT_READ|PROT_WRITE, MAP_PRIVATE|MAP_FIXED|MAP_ANONYMOUS, -1, 0) = 0xea4f4eeb3000
close(3)                                = 0
openat(AT_FDCWD, "/lib/aarch64-linux-gnu/libm.so.6", O_RDONLY|O_CLOEXEC) = 3
read(3, "\177ELF\2\1\1\0\0\0\0\0\0\0\0\0\3\0\267\0\1\0\0\0\0\0\0\0\0\0\0\0"..., 832) = 832
newfstatat(3, "", {st_mode=S_IFREG|0644, st_size=591960, ...}, AT_EMPTY_PATH) = 0
mmap(NULL, 721008, PROT_NONE, MAP_PRIVATE|MAP_ANONYMOUS|MAP_DENYWRITE, -1, 0) = 0xea4f4eb9f000
mmap(0xea4f4eba0000, 655472, PROT_READ|PROT_EXEC, MAP_PRIVATE|MAP_FIXED|MAP_DENYWRITE, 3, 0) = 0xea4f4eba0000
munmap(0xea4f4eb9f000, 4096)            = 0
munmap(0xea4f4ec41000, 57456)           = 0
mprotect(0xea4f4ec21000, 122880, PROT_NONE) = 0
mmap(0xea4f4ec3f000, 8192, PROT_READ|PROT_WRITE, MAP_PRIVATE|MAP_FIXED|MAP_DENYWRITE, 3, 0x8f000) = 0xea4f4ec3f000
close(3)                                = 0
openat(AT_FDCWD, "/lib/aarch64-linux-gnu/libgcc_s.so.1", O_RDONLY|O_CLOEXEC) = 3
read(3, "\177ELF\2\1\1\0\0\0\0\0\0\0\0\0\3\0\267\0\1\0\0\0\0\0\0\0\0\0\0\0"..., 832) = 832
newfstatat(3, "", {st_mode=S_IFREG|0644, st_size=133480, ...}, AT_EMPTY_PATH) = 0
mmap(NULL, 262992, PROT_NONE, MAP_PRIVATE|MAP_ANONYMOUS|MAP_DENYWRITE, -1, 0) = 0xea4f4eb5f000
mmap(0xea4f4eb60000, 197456, PROT_READ|PROT_EXEC, MAP_PRIVATE|MAP_FIXED|MAP_DENYWRITE, 3, 0) = 0xea4f4eb60000
munmap(0xea4f4eb5f000, 4096)            = 0
munmap(0xea4f4eb91000, 58192)           = 0
mprotect(0xea4f4eb78000, 94208, PROT_NONE) = 0
mmap(0xea4f4eb8f000, 8192, PROT_READ|PROT_WRITE, MAP_PRIVATE|MAP_FIXED|MAP_DENYWRITE, 3, 0x1f000) = 0xea4f4eb8f000
close(3)                                = 0
openat(AT_FDCWD, "/lib/aarch64-linux-gnu/libc.so.6", O_RDONLY|O_CLOEXEC) = 3
read(3, "\177ELF\2\1\1\3\0\0\0\0\0\0\0\0\3\0\267\0\1\0\0\0pw\2\0\0\0\0\0"..., 832) = 832
newfstatat(3, "", {st_mode=S_IFREG|0755, st_size=1722984, ...}, AT_EMPTY_PATH) = 0
mmap(NULL, 1892480, PROT_NONE, MAP_PRIVATE|MAP_ANONYMOUS|MAP_DENYWRITE, -1, 0) = 0xea4f4e991000
mmap(0xea4f4e9a0000, 1826944, PROT_READ|PROT_EXEC, MAP_PRIVATE|MAP_FIXED|MAP_DENYWRITE, 3, 0) = 0xea4f4e9a0000
munmap(0xea4f4e991000, 61440)           = 0
munmap(0xea4f4eb5f000, 128)             = 0
mprotect(0xea4f4eb31000, 114688, PROT_NONE) = 0
mmap(0xea4f4eb4d000, 20480, PROT_READ|PROT_WRITE, MAP_PRIVATE|MAP_FIXED|MAP_DENYWRITE, 3, 0x19d000) = 0xea4f4eb4d000
mmap(0xea4f4eb52000, 49280, PROT_READ|PROT_WRITE, MAP_PRIVATE|MAP_FIXED|MAP_ANONYMOUS, -1, 0) = 0xea4f4eb52000
close(3)                                = 0
mmap(NULL, 8192, PROT_READ|PROT_WRITE, MAP_PRIVATE|MAP_ANONYMOUS, -1, 0) = 0xea4f4eeea000
mmap(NULL, 8192, PROT_READ|PROT_WRITE, MAP_PRIVATE|MAP_ANONYMOUS, -1, 0) = 0xea4f4eee8000
set_tid_address(0xea4f4eeeb170)         = 20852
set_robust_list(0xea4f4eeeb180, 24)     = 0
rseq(0xea4f4eeeb7c0, 0x20, 0, 0xd428bc00) = 0
mprotect(0xea4f4eb4d000, 12288, PROT_READ) = 0
mprotect(0xea4f4eb8f000, 4096, PROT_READ) = 0
mprotect(0xea4f4ec3f000, 4096, PROT_READ) = 0
mprotect(0xea4f4eea5000, 45056, PROT_READ) = 0
mprotect(0xbbb4fbb4f000, 4096, PROT_READ) = 0
mprotect(0xea4f4eef8000, 8192, PROT_READ) = 0
prlimit64(0, RLIMIT_STACK, NULL, {rlim_cur=8192*1024, rlim_max=RLIM64_INFINITY}) = 0
munmap(0xea4f4eeec000, 24603)           = 0
futex(0xea4f4eeb38ec, FUTEX_WAKE_PRIVATE, 2147483647) = 0
getrandom("\x33\xda\x9e\x98\x7d\xcf\xd8\xa5", 8, GRND_NONBLOCK) = 8
brk(NULL)                               = 0xbbb51f17b000
brk(0xbbb51f19c000)                     = 0xbbb51f19c000
getrandom("\x2f\x86\x4e\x3c", 4, 0)     = 4
getrandom("\xba\xfb\x30\x1a", 4, 0)     = 4
openat(AT_FDCWD, "/dev/net/tun", O_RDWR|O_CLOEXEC) = 3
fcntl(3, F_GETFL)                       = 0x20002 (flags O_RDWR|O_LARGEFILE)
ioctl(3, TUNSETIFF, 0xffffc7007320)     = 0
getrandom("\x99\x70\xcb\x17", 4, 0)     = 4
getrandom("\x8a\xa9\x66\xbd", 4, 0)     = 4
getrandom("\x6b\xde\x3f\x05", 4, 0)     = 4
getrandom("\xae\x33\x2b\xd9", 4, 0)     = 4
getrandom("\x34\xbf\xdd\x47", 4, 0)     = 4
getrandom("\x2c\x19\x38\x4c", 4, 0)     = 4
getrandom("\x64\x92\x7a\xcb", 4, 0)     = 4
getrandom("\xa3\x21\xd0\xda", 4, 0)     = 4
getrandom("\xec\xc6\x14\x80", 4, 0)     = 4
getrandom("\xdd\x9a\x05\x01", 4, 0)     = 4
getrandom("\xbc\x5f\x29\x4c", 4, 0)     = 4
getrandom("\x03\x92\x7d\xa4", 4, 0)     = 4
getrandom("\x84\x7c\x9d\x10", 4, 0)     = 4
getrandom("\xba\x16\xd7\x7f", 4, 0)     = 4
getrandom("\xe8\x0a\x38\x83", 4, 0)     = 4
getrandom("\x7b\xc1\xd3\x3c", 4, 0)     = 4
getrandom("\x1d\x7c\x19\xfb", 4, 0)     = 4
getrandom("\x47\xdc\xff\x32", 4, 0)     = 4
getrandom("\x87\x00\x92\x59", 4, 0)     = 4
getrandom("\xda\xc0\x20\xdd", 4, 0)     = 4
getrandom("\x53\x2a\xbd\x87", 4, 0)     = 4
getrandom("\xe1\x33\x64\xbb", 4, 0)     = 4
getrandom("\xaa\xd2\xec\xf0", 4, 0)     = 4
getrandom("\x09\x94\x0d\x1f", 4, 0)     = 4
getrandom("\xf8\xb9\x43\xc6", 4, 0)     = 4
getrandom("\xe5\x97\x7c\x7f", 4, 0)     = 4
getrandom("\xf0\xe6\xda\x16", 4, 0)     = 4
getrandom("\x69\xd3\x23\x61", 4, 0)     = 4
getrandom("\x58\xb2\xcb\x8f", 4, 0)     = 4
getrandom("\x97\xca\x51\xe7", 4, 0)     = 4
getrandom("\x95\xeb\x11\xbb", 4, 0)     = 4
getrandom("\xe3\x13\xd1\xf4", 4, 0)     = 4
getrandom("\xb3\xe4\x5f\x81", 4, 0)     = 4
getrandom("\x50\x40\x10\x6a", 4, 0)     = 4
getrandom("\xc4\x09\x45\xfa", 4, 0)     = 4
getrandom("\xd3\xa1\x0f\x40", 4, 0)     = 4
getrandom("\x76\xf8\xe3\xdf", 4, 0)     = 4
getrandom("\x57\x87\x14\xe5", 4, 0)     = 4
getrandom("\x4f\xbe\x4c\x64", 4, 0)     = 4
getrandom("\xc2\x64\x7b\x2b", 4, 0)     = 4
getrandom("\xbe\x04\x75\xeb", 4, 0)     = 4
getrandom("\x06\x3b\xf8\x52", 4, 0)     = 4
getrandom("\x3e\x4f\x98\x70", 4, 0)     = 4
getrandom("\x21\x67\xc4\xbe", 4, 0)     = 4
getrandom("\x51\x0f\x9b\xbe", 4, 0)     = 4
getrandom("\xe1\xc2\x13\xc1", 4, 0)     = 4
getrandom("\x5d\xa8\x93\xf1", 4, 0)     = 4
getrandom("\xe4\x6f\x35\xca", 4, 0)     = 4
getrandom("\x99\xdb\x4c\x70", 4, 0)     = 4
getrandom("\x76\x9d\x9b\xf3", 4, 0)     = 4
getrandom("\x17\x14\x0e\x5b", 4, 0)     = 4
getrandom("\x14\x8f\x3f\x38", 4, 0)     = 4
getrandom("\x03\x88\x67\x05", 4, 0)     = 4
getrandom("\x79\xea\xc4\x11", 4, 0)     = 4
getrandom("\x8c\x1f\x0e\xad", 4, 0)     = 4
getrandom("\x9b\x15\xe7\x6d", 4, 0)     = 4
getrandom("\x81\x0d\xfc\xb0", 4, 0)     = 4
getrandom("\x74\x71\x42\xf7", 4, 0)     = 4
getrandom("\x4d\x1d\x5d\x10", 4, 0)     = 4
getrandom("\x2e\xae\x2e\x78", 4, 0)     = 4
getrandom("\xc9\xe1\x02\xa5", 4, 0)     = 4
getrandom("\xa9\xd8\x15\xe8", 4, 0)     = 4
getrandom("\xb4\xef\x59\x03", 4, 0)     = 4
getrandom("\xf6\xd8\x91\x1c", 4, 0)     = 4
getrandom("\x1a\xd6\x26\xd6", 4, 0)     = 4
getrandom("\x97\xe6\xeb\xce", 4, 0)     = 4
getrandom("\x65\x71\x89\x78", 4, 0)     = 4
getrandom("\x38\x69\xe9\xd0", 4, 0)     = 4
getrandom("\x85\x5b\x8e\xd6", 4, 0)     = 4
getrandom("\x9d\xc0\x94\xe7", 4, 0)     = 4
getrandom("\xec\x72\x0a\x3a", 4, 0)     = 4
getrandom("\xfe\x7d\xb4\x1c", 4, 0)     = 4
getrandom("\xfe\x46\x0f\x40", 4, 0)     = 4
getrandom("\x7e\x79\x96\x30", 4, 0)     = 4
getrandom("\xc0\xc0\x83\x38", 4, 0)     = 4
getrandom("\x6b\xca\x1b\xdf", 4, 0)     = 4
getrandom("\xd7\x19\x01\xca", 4, 0)     = 4
getrandom("\x67\x50\x10\x30", 4, 0)     = 4
getrandom("\x5c\x6d\xec\x91", 4, 0)     = 4
getrandom("\xc1\x8c\xe4\x10", 4, 0)     = 4
getrandom("\x52\xc3\x6f\x40", 4, 0)     = 4
getrandom("\x59\x47\x84\x98", 4, 0)     = 4
getrandom("\x8c\x2f\xcc\x5f", 4, 0)     = 4
getrandom("\xc5\xc0\x29\x1f", 4, 0)     = 4
getrandom("\xb6\xfe\xb5\xdb", 4, 0)     = 4
getrandom("\xd4\x43\xb8\x43", 4, 0)     = 4
getrandom("\xfb\xca\x21\x58", 4, 0)     = 4
getrandom("\xc1\xbc\xc0\x50", 4, 0)     = 4
getrandom("\x2b\x9f\x48\x1f", 4, 0)     = 4
getrandom("\x3a\xae\xfd\xd8", 4, 0)     = 4
getrandom("\x8b\xef\x28\x34", 4, 0)     = 4
getrandom("\x9a\x56\x14\x6a", 4, 0)     = 4
getrandom("\xb0\x18\x62\xd7", 4, 0)     = 4
getrandom("\x96\x95\xa6\xd3", 4, 0)     = 4
getrandom("\xaa\x23\x0a\xb4", 4, 0)     = 4
getrandom("\x69\x5e\x25\x0d", 4, 0)     = 4
getrandom("\x74\x9c\x2c\xfd", 4, 0)     = 4
getrandom("\x93\x57\xd7\x12", 4, 0)     = 4
getrandom("\xb8\x9d\x97\xe9", 4, 0)     = 4
getrandom("\xd2\xeb\x17\xcb", 4, 0)     = 4
getrandom("\x5d\x3e\x8a\x4e", 4, 0)     = 4
getrandom("\x43\x5f\xa4\x9f", 4, 0)     = 4
getrandom("\x0c\x52\x76\x92", 4, 0)     = 4
getrandom("\xf7\xe9\xfd\xb2", 4, 0)     = 4
getrandom("\xea\x69\xcc\xd2", 4, 0)     = 4
getrandom("\xd8\x65\x3c\xc7", 4, 0)     = 4
getrandom("\x64\xa8\x25\xf0", 4, 0)     = 4
getrandom("\x2b\x7f\xd8\x03", 4, 0)     = 4
getrandom("\x59\x77\x01\x96", 4, 0)     = 4
getrandom("\xc3\x79\xc4\x6c", 4, 0)     = 4
getrandom("\x1f\x60\x88\xfe", 4, 0)     = 4
getrandom("\xc6\x55\x9d\x32", 4, 0)     = 4
getrandom("\x8e\x0b\x70\x4c", 4, 0)     = 4
getrandom("\x0e\xc1\x61\x32", 4, 0)     = 4
getrandom("\xbf\x8e\x19\xc9", 4, 0)     = 4
getrandom("\x77\x9f\xdb\xb9", 4, 0)     = 4
getrandom("\xf8\x75\x36\xfb", 4, 0)     = 4
getrandom("\x1b\x27\x57\x48", 4, 0)     = 4
getrandom("\x40\xd1\x06\x78", 4, 0)     = 4
getrandom("\xb2\xd5\x6c\x87", 4, 0)     = 4
getrandom("\x1e\xc9\xb0\x61", 4, 0)     = 4
getrandom("\x67\x1e\x86\xa2", 4, 0)     = 4
getrandom("\x3b\xe1\x34\x78", 4, 0)     = 4
getrandom("\x5a\x59\xd6\xff", 4, 0)     = 4
getrandom("\x00\x86\xbd\x17", 4, 0)     = 4
getrandom("\x92\x5b\x58\x2b", 4, 0)     = 4
getrandom("\xf6\xac\x6e\x1b", 4, 0)     = 4
getrandom("\xfe\x95\xed\x75", 4, 0)     = 4
getrandom("\x4a\xda\x1c\x54", 4, 0)     = 4
getrandom("\xb7\xfb\x92\xdb", 4, 0)     = 4
getrandom("\x35\xc0\x62\xde", 4, 0)     = 4
getrandom("\x5a\x98\x4f\x32", 4, 0)     = 4
getrandom("\x69\x85\x74\x80", 4, 0)     = 4
getrandom("\x1b\x24\x04\x4b", 4, 0)     = 4
getrandom("\x6b\x95\xb2\x65", 4, 0)     = 4
getrandom("\x42\xd6\x90\xa3", 4, 0)     = 4
getrandom("\xd5\xa0\xbc\xd9", 4, 0)     = 4
getrandom("\xc5\xa5\xca\x6c", 4, 0)     = 4
getrandom("\x92\x46\x37\x7f", 4, 0)     = 4
getrandom("\x66\xd2\xfc\xa9", 4, 0)     = 4
getrandom("\xe3\xe6\xbf\x83", 4, 0)     = 4
getrandom("\xd8\xb7\x71\xdc", 4, 0)     = 4
getrandom("\xc1\xe3\xec\x28", 4, 0)     = 4
getrandom("\x15\x31\xbc\xf4", 4, 0)     = 4
getrandom("\xda\x38\x18\x89", 4, 0)     = 4
getrandom("\x5e\xb6\x28\x19", 4, 0)     = 4
getrandom("\x29\x2a\x0a\x6b", 4, 0)     = 4
getrandom("\x48\x7e\x00\x31", 4, 0)     = 4
getrandom("\xb1\xb1\x52\x3f", 4, 0)     = 4
getrandom("\xaf\xf1\x6f\xe7", 4, 0)     = 4
getrandom("\x5c\x20\x26\x84", 4, 0)     = 4
getrandom("\xea\x19\xec\xf6", 4, 0)     = 4
getrandom("\x44\x01\x4e\xc8", 4, 0)     = 4
getrandom("\x1c\xbc\xfe\x6c", 4, 0)     = 4
getrandom("\x7d\x3a\x8e\xd4", 4, 0)     = 4
getrandom("\x89\x4a\x5e\xc6", 4, 0)     = 4
getrandom("\x7f\xe4\x99\xf2", 4, 0)     = 4
getrandom("\xdc\x06\x13\xde", 4, 0)     = 4
getrandom("\x72\x89\x30\x8a", 4, 0)     = 4
getrandom("\x8f\xeb\xb9\x24", 4, 0)     = 4
getrandom("\x0d\x0e\xb9\xae", 4, 0)     = 4
getrandom("\x69\x45\x23\x19", 4, 0)     = 4
getrandom("\x4a\x88\x79\x38", 4, 0)     = 4
getrandom("\xe6\xdf\x88\xf5", 4, 0)     = 4
getrandom("\xec\xbf\xd4\xe5", 4, 0)     = 4
getrandom("\x1c\x1c\x31\x26", 4, 0)     = 4
getrandom("\xb1\x2d\x73\x57", 4, 0)     = 4
getrandom("\xa4\xd1\x09\x7d", 4, 0)     = 4
getrandom("\xc2\x9e\xa6\x69", 4, 0)     = 4
getrandom("\x2d\x1e\xd3\x65", 4, 0)     = 4
getrandom("\x5e\xa0\x11\x8d", 4, 0)     = 4
getrandom("\x63\xdd\x72\xa7", 4, 0)     = 4
getrandom("\xab\x2a\xc6\xcd", 4, 0)     = 4
getrandom("\xec\xdf\x1e\x12", 4, 0)     = 4
getrandom("\x05\x44\x0a\x27", 4, 0)     = 4
getrandom("\xa6\x41\xe9\x1c", 4, 0)     = 4
getrandom("\x0b\x1d\xe6\x4c", 4, 0)     = 4
getrandom("\x2a\x7a\xbe\x77", 4, 0)     = 4
getrandom("\x87\x2e\x7c\xbb", 4, 0)     = 4
getrandom("\x21\x94\x4d\x55", 4, 0)     = 4
getrandom("\xcb\x0d\x9d\xfc", 4, 0)     = 4
getrandom("\x38\xac\x69\xe3", 4, 0)     = 4
getrandom("\x4d\x6b\x89\x56", 4, 0)     = 4
getrandom("\x90\x69\x5b\x56", 4, 0)     = 4
getrandom("\x83\xe0\x72\xda", 4, 0)     = 4
getrandom("\xbe\xb5\xc1\x6b", 4, 0)     = 4
getrandom("\xa2\xbb\x3e\xce", 4, 0)     = 4
getrandom("\xf1\x97\x50\xe5", 4, 0)     = 4
getrandom("\xe3\x04\x05\xc2", 4, 0)     = 4
getrandom("\xe7\xa6\xd9\x38", 4, 0)     = 4
getrandom("\xa8\x36\x55\xd0", 4, 0)     = 4
getrandom("\xc7\xa6\xfd\x51", 4, 0)     = 4
getrandom("\x7b\xa6\xfa\x32", 4, 0)     = 4
getrandom("\xa4\xc7\x8b\x6c", 4, 0)     = 4
getrandom("\xfa\x33\xa6\x39", 4, 0)     = 4
getrandom("\x70\xcf\xe6\xdf", 4, 0)     = 4
getrandom("\xab\x78\x4d\xa2", 4, 0)     = 4
getrandom("\xce\xff\x02\xd9", 4, 0)     = 4
getrandom("\xff\xb6\x19\x06", 4, 0)     = 4
getrandom("\x1e\x58\x9b\x78", 4, 0)     = 4
getrandom("\xcc\xc3\x8e\x36", 4, 0)     = 4
getrandom("\xd3\x63\xd4\x86", 4, 0)     = 4
getrandom("\x8b\xd6\xf1\xee", 4, 0)     = 4
getrandom("\x51\x4f\x91\x53", 4, 0)     = 4
getrandom("\x4c\x69\x78\xac", 4, 0)     = 4
getrandom("\x33\xff\x02\xe9", 4, 0)     = 4
getrandom("\x40\xf4\xd3\x07", 4, 0)     = 4
getrandom("\x47\x87\x25\xc4", 4, 0)     = 4
getrandom("\x5c\x92\x45\x55", 4, 0)     = 4
getrandom("\x5e\x45\x00\xc1", 4, 0)     = 4
getrandom("\x01\xeb\xa6\xf2", 4, 0)     = 4
getrandom("\xb2\x75\x95\xb4", 4, 0)     = 4
getrandom("\xe0\x58\x42\x5f", 4, 0)     = 4
getrandom("\xe8\x2b\x29\x82", 4, 0)     = 4
getrandom("\xb0\x3c\xbd\x9d", 4, 0)     = 4
getrandom("\xc5\x4c\xcb\xa6", 4, 0)     = 4
getrandom("\x19\x98\xd0\x35", 4, 0)     = 4
getrandom("\x65\xc4\x51\x67", 4, 0)     = 4
getrandom("\xee\xac\x35\xeb", 4, 0)     = 4
getrandom("\x1a\x10\x85\xc5", 4, 0)     = 4
getrandom("\x89\x04\xb8\x93", 4, 0)     = 4
getrandom("\xae\xe8\xf1\xe2", 4, 0)     = 4
getrandom("\x8b\x05\x0c\x86", 4, 0)     = 4
getrandom("\x7d\xdf\xfe\x25", 4, 0)     = 4
getrandom("\xd2\x1c\x88\x21", 4, 0)     = 4
getrandom("\xa0\x4b\xde\x40", 4, 0)     = 4
getrandom("\x2a\x42\x75\xe3", 4, 0)     = 4
getrandom("\xc3\xea\xe6\xcb", 4, 0)     = 4
getrandom("\xf1\x8e\x74\xa4", 4, 0)     = 4
getrandom("\x0c\xf6\x64\x1a", 4, 0)     = 4
getrandom("\x60\x01\xad\x7a", 4, 0)     = 4
getrandom("\x02\x23\x46\x4f", 4, 0)     = 4
getrandom("\x64\x07\x1d\x7a", 4, 0)     = 4
getrandom("\x5b\x7a\x8e\xd5", 4, 0)     = 4
getrandom("\x11\xaf\x09\xaa", 4, 0)     = 4
getrandom("\x1e\xf9\xc0\xd5", 4, 0)     = 4
getrandom("\x16\x9e\xb4\xff", 4, 0)     = 4
getrandom("\xa3\x7c\x0b\x40", 4, 0)     = 4
getrandom("\xd2\xf0\x0e\x96", 4, 0)     = 4
getrandom("\x9c\x39\x61\xdc", 4, 0)     = 4
getrandom("\xf6\x7f\xb5\xdc", 4, 0)     = 4
getrandom("\x8c\xaa\x96\x7c", 4, 0)     = 4
getrandom("\x21\x26\x31\x40", 4, 0)     = 4
getrandom("\xa7\x21\x30\x5b", 4, 0)     = 4
getrandom("\x6c\xaf\xcc\x45", 4, 0)     = 4
getrandom("\xbd\x4d\xef\xa7", 4, 0)     = 4
getrandom("\xfb\x93\x10\x4f", 4, 0)     = 4
getrandom("\xff\xb0\x67\xfd", 4, 0)     = 4
getrandom("\x4e\x97\x1e\xc6", 4, 0)     = 4
getrandom("\x0e\xca\x87\x4a", 4, 0)     = 4
getrandom("\xd0\xe6\x4f\x1a", 4, 0)     = 4
getrandom("\xa2\x8a\xab\x54", 4, 0)     = 4
getrandom("\xab\x83\xae\x03", 4, 0)     = 4
getrandom("\xd1\x72\xf4\x95", 4, 0)     = 4
getrandom("\xca\xff\xd7\x16", 4, 0)     = 4
getrandom("\x15\xfd\xf9\x78", 4, 0)     = 4
getrandom("\x97\x37\x0f\xb3", 4, 0)     = 4
getrandom("\x56\xe2\x67\x49", 4, 0)     = 4
getrandom("\xff\xba\x2a\x37", 4, 0)     = 4
getrandom("\x7b\xc6\x0e\x04", 4, 0)     = 4
getrandom("\xdd\xd1\x23\x14", 4, 0)     = 4
getrandom("\xa9\xf2\x47\xf0", 4, 0)     = 4
getrandom("\x65\x1a\x0f\x87", 4, 0)     = 4
getrandom("\x2b\x7e\x75\x05", 4, 0)     = 4
getrandom("\x50\xf5\x04\x05", 4, 0)     = 4
getrandom("\xa0\x8c\x81\xb3", 4, 0)     = 4
getrandom("\xfd\xc8\x4a\xbb", 4, 0)     = 4
getrandom("\x0f\xf6\x88\x83", 4, 0)     = 4
getrandom("\xad\xe5\xb2\xf4", 4, 0)     = 4
getrandom("\x28\x89\x33\xeb", 4, 0)     = 4
getrandom("\xb4\x56\x98\x36", 4, 0)     = 4
getrandom("\x2b\x8a\x2a\x3b", 4, 0)     = 4
getrandom("\x12\x36\x83\x91", 4, 0)     = 4
getrandom("\xd1\x9c\x95\x2c", 4, 0)     = 4
getrandom("\xfe\x4a\xea\x75", 4, 0)     = 4
getrandom("\xd1\xd4\x21\x12", 4, 0)     = 4
getrandom("\xc1\x45\x53\xd1", 4, 0)     = 4
getrandom("\x44\x9c\xa8\xcb", 4, 0)     = 4
getrandom("\x6b\x30\xb7\x2a", 4, 0)     = 4
getrandom("\x95\x12\xc0\x48", 4, 0)     = 4
getrandom("\x1f\x09\x51\x30", 4, 0)     = 4
getrandom("\x26\x03\x26\xc0", 4, 0)     = 4
getrandom("\xc8\x36\xdd\x5f", 4, 0)     = 4
getrandom("\x98\xb2\xd8\x24", 4, 0)     = 4
getrandom("\x92\xee\x81\x0c", 4, 0)     = 4
getrandom("\xc8\x97\x69\xc2", 4, 0)     = 4
getrandom("\x42\xd7\x5f\x7b", 4, 0)     = 4
getrandom("\x68\x42\x45\x92", 4, 0)     = 4
getrandom("\xb5\x05\x93\x4d", 4, 0)     = 4
getrandom("\xa9\xe4\x13\xcf", 4, 0)     = 4
getrandom("\x81\x63\x99\xbe", 4, 0)     = 4
getrandom("\x94\xab\xba\xfd", 4, 0)     = 4
getrandom("\xa5\x46\x72\x81", 4, 0)     = 4
getrandom("\xed\x3b\x55\x3e", 4, 0)     = 4
getrandom("\xef\x4f\xfa\x5a", 4, 0)     = 4
getrandom("\xc7\x71\xd9\x09", 4, 0)     = 4
getrandom("\xde\xad\xcb\x58", 4, 0)     = 4
getrandom("\x30\xb9\x1b\x60", 4, 0)     = 4
getrandom("\xde\x65\xcc\xa1", 4, 0)     = 4
getrandom("\xd9\x44\x98\x81", 4, 0)     = 4
getrandom("\x43\x03\x03\x4e", 4, 0)     = 4
getrandom("\x77\x73\x75\xdc", 4, 0)     = 4
getrandom("\x4d\x0e\x31\xa1", 4, 0)     = 4
getrandom("\xb5\xc6\x29\xda", 4, 0)     = 4
getrandom("\x5c\x13\x6b\x5a", 4, 0)     = 4
getrandom("\x6d\xd3\x8d\x2d", 4, 0)     = 4
getrandom("\x5c\x98\xdf\xdb", 4, 0)     = 4
getrandom("\x9f\x7a\x08\x69", 4, 0)     = 4
getrandom("\xdb\x2c\x6a\x32", 4, 0)     = 4
getrandom("\x27\x0e\x7d\x0f", 4, 0)     = 4
getrandom("\x0a\x2c\xb3\x06", 4, 0)     = 4
getrandom("\x71\xca\xcc\x69", 4, 0)     = 4
getrandom("\x16\x8e\x11\x17", 4, 0)     = 4
getrandom("\x36\x59\x46\x24", 4, 0)     = 4
getrandom("\xce\xb7\x9c\x54", 4, 0)     = 4
getrandom("\x8f\x0b\x1c\x7d", 4, 0)     = 4
getrandom("\xe9\x67\x22\xe7", 4, 0)     = 4
getrandom("\x3c\xb9\x70\xdd", 4, 0)     = 4
getrandom("\x05\xc2\x24\xf4", 4, 0)     = 4
getrandom("\xa2\x7c\x56\xfc", 4, 0)     = 4
getrandom("\x0b\x33\x21\x0e", 4, 0)     = 4
getrandom("\xfa\x1d\x91\x01", 4, 0)     = 4
getrandom("\x3a\xeb\xbe\x23", 4, 0)     = 4
getrandom("\xdb\x15\x8b\xcd", 4, 0)     = 4
getrandom("\x27\xbb\xdc\x3e", 4, 0)     = 4
getrandom("\xaa\x4e\xa8\x67", 4, 0)     = 4
getrandom("\xda\x29\x9e\x46", 4, 0)     = 4
getrandom("\x80\x7d\xa4\x7c", 4, 0)     = 4
getrandom("\x3d\x5b\xaa\xef", 4, 0)     = 4
getrandom("\x8a\x5c\x2b\x0a", 4, 0)     = 4
getrandom("\x16\x4a\x76\x15", 4, 0)     = 4
getrandom("\x9b\xd8\x72\x3e", 4, 0)     = 4
getrandom("\x53\x6a\xc7\xd6", 4, 0)     = 4
getrandom("\x1b\xde\x09\x92", 4, 0)     = 4
getrandom("\x3d\x32\xe9\x47", 4, 0)     = 4
getrandom("\xfa\xaf\x4d\x1c", 4, 0)     = 4
getrandom("\x43\x27\xc8\x21", 4, 0)     = 4
getrandom("\x30\xdb\x83\xc5", 4, 0)     = 4
getrandom("\xe6\x83\x5e\x72", 4, 0)     = 4
getrandom("\xa5\xb0\x54\xdf", 4, 0)     = 4
getrandom("\x47\xca\xac\xe4", 4, 0)     = 4
getrandom("\x40\xc3\xe3\xf0", 4, 0)     = 4
getrandom("\x56\x36\xf7\xab", 4, 0)     = 4
getrandom("\x96\x9d\x01\xd4", 4, 0)     = 4
getrandom("\x1e\xf8\xb8\xb0", 4, 0)     = 4
getrandom("\x98\xaa\x11\x66", 4, 0)     = 4
getrandom("\xab\xdd\x49\xff", 4, 0)     = 4
getrandom("\xe1\x3f\xec\xa1", 4, 0)     = 4
getrandom("\xc8\x43\x35\xa8", 4, 0)     = 4
getrandom("\xe2\x73\x41\xb7", 4, 0)     = 4
getrandom("\x64\x25\x98\xff", 4, 0)     = 4
getrandom("\x1c\xc4\x9a\x6d", 4, 0)     = 4
getrandom("\xf7\xe4\x76\x16", 4, 0)     = 4
getrandom("\x73\xb2\xb3\x76", 4, 0)     = 4
getrandom("\x1a\xd1\xc6\x9f", 4, 0)     = 4
getrandom("\x4e\x56\xeb\xbf", 4, 0)     = 4
getrandom("\x8b\x4a\x6b\xf3", 4, 0)     = 4
getrandom("\x4b\xd0\x99\x59", 4, 0)     = 4
getrandom("\x3a\x86\xd0\x15", 4, 0)     = 4
getrandom("\x51\x7a\xc2\x67", 4, 0)     = 4
getrandom("\x6d\x94\x45\x44", 4, 0)     = 4
getrandom("\x70\xd6\x59\x24", 4, 0)     = 4
getrandom("\x34\x9c\x18\xc9", 4, 0)     = 4
getrandom("\x3a\xb4\xdc\xcf", 4, 0)     = 4
getrandom("\x23\xcc\x50\xbe", 4, 0)     = 4
getrandom("\x86\xcd\xbc\x97", 4, 0)     = 4
getrandom("\xc8\x95\x40\x4d", 4, 0)     = 4
getrandom("\x53\x78\x24\x00", 4, 0)     = 4
getrandom("\x89\x7b\x43\x63", 4, 0)     = 4
getrandom("\xc0\xba\x00\x35", 4, 0)     = 4
getrandom("\xfc\x06\xac\x81", 4, 0)     = 4
getrandom("\x9f\xcb\xf2\xe1", 4, 0)     = 4
getrandom("\x50\x94\x61\x89", 4, 0)     = 4
getrandom("\x1e\x8d\x30\x24", 4, 0)     = 4
getrandom("\x08\xe2\xfd\xe3", 4, 0)     = 4
getrandom("\x80\x74\x93\x2f", 4, 0)     = 4
getrandom("\x7f\x43\x7c\xbd", 4, 0)     = 4
getrandom("\x0e\x7e\xf9\x1f", 4, 0)     = 4
getrandom("\xaa\x0a\xc3\x9f", 4, 0)     = 4
getrandom("\x40\x7f\x8a\x0c", 4, 0)     = 4
getrandom("\x0b\x70\x41\x7f", 4, 0)     = 4
getrandom("\xc8\xe7\x03\xcd", 4, 0)     = 4
getrandom("\xe7\x60\x7f\xea", 4, 0)     = 4
getrandom("\x2a\x1c\xf4\xa8", 4, 0)     = 4
getrandom("\x03\x00\xb1\xec", 4, 0)     = 4
getrandom("\xec\xa4\xd9\x54", 4, 0)     = 4
getrandom("\x60\x16\x0f\xfa", 4, 0)     = 4
getrandom("\x81\xab\x75\xc4", 4, 0)     = 4
getrandom("\xa4\x27\x21\xae", 4, 0)     = 4
getrandom("\xd0\x49\xb1\x1b", 4, 0)     = 4
getrandom("\xa3\x16\x4c\xb1", 4, 0)     = 4
getrandom("\x0f\x50\xf4\x9a", 4, 0)     = 4
getrandom("\x61\x2a\x9c\x3b", 4, 0)     = 4
getrandom("\xb2\xd3\xd4\x0c", 4, 0)     = 4
getrandom("\xf7\xf4\x66\x58", 4, 0)     = 4
getrandom("\x5f\x1b\x92\x38", 4, 0)     = 4
getrandom("\x0c\x4a\xb4\x16", 4, 0)     = 4
getrandom("\xde\x7d\x3d\xd1", 4, 0)     = 4
getrandom("\x71\xa2\x23\x33", 4, 0)     = 4
getrandom("\x2a\xa1\xb9\xa0", 4, 0)     = 4
getrandom("\x0a\x63\x73\xbc", 4, 0)     = 4
getrandom("\x7d\xb9\xc9\xe7", 4, 0)     = 4
getrandom("\xc9\x46\x4d\xab", 4, 0)     = 4
getrandom("\x90\xab\xde\xe3", 4, 0)     = 4
getrandom("\xd2\x1b\xeb\xe9", 4, 0)     = 4
getrandom("\x75\x3d\xbc\x04", 4, 0)     = 4
getrandom("\xce\xfe\xc8\xfe", 4, 0)     = 4
getrandom("\xf9\x6e\x9f\x0f", 4, 0)     = 4
getrandom("\x9c\x56\xe5\xcf", 4, 0)     = 4
getrandom("\xb0\x16\x5c\xb5", 4, 0)     = 4
getrandom("\x94\x62\x25\x58", 4, 0)     = 4
getrandom("\x6d\x63\x15\x50", 4, 0)     = 4
getrandom("\xab\xd0\x18\x14", 4, 0)     = 4
getrandom("\x8f\xc5\xb6\xd3", 4, 0)     = 4
getrandom("\x08\x83\x82\x24", 4, 0)     = 4
getrandom("\xc4\xd2\xb8\x61", 4, 0)     = 4
getrandom("\x3a\x89\xc5\xa6", 4, 0)     = 4
getrandom("\x6d\x83\xd1\x43", 4, 0)     = 4
getrandom("\x9a\x9e\x23\x6b", 4, 0)     = 4
getrandom("\x51\x95\x44\x22", 4, 0)     = 4
getrandom("\xdc\x1f\x52\x19", 4, 0)     = 4
getrandom("\x37\x72\x50\xf2", 4, 0)     = 4
getrandom("\xfc\xf5\x39\x22", 4, 0)     = 4
getrandom("\x1d\x4e\xd5\xb0", 4, 0)     = 4
getrandom("\x83\x12\x62\xe0", 4, 0)     = 4
getrandom("\x00\x6d\xa5\xc2", 4, 0)     = 4
getrandom("\x65\x57\x88\x4d", 4, 0)     = 4
getrandom("\xfb\xbb\x5c\x3a", 4, 0)     = 4
getrandom("\x2f\x74\xbd\xc2", 4, 0)     = 4
getrandom("\x49\x48\x84\x44", 4, 0)     = 4
getrandom("\xa3\x6b\xe9\xa4", 4, 0)     = 4
getrandom("\xe1\x45\xd1\xaa", 4, 0)     = 4
getrandom("\x2d\x29\x3a\x52", 4, 0)     = 4
getrandom("\x7f\xe0\xd4\xc8", 4, 0)     = 4
getrandom("\x95\x3c\x01\xbd", 4, 0)     = 4
getrandom("\x4c\x09\xb6\x5d", 4, 0)     = 4
getrandom("\xef\x10\x81\x43", 4, 0)     = 4
getrandom("\xa0\xf9\xaa\x6d", 4, 0)     = 4
getrandom("\x7f\xfe\xa9\x9a", 4, 0)     = 4
getrandom("\x4a\xce\x8e\x0d", 4, 0)     = 4
getrandom("\xae\xff\x0b\x5b", 4, 0)     = 4
getrandom("\xa4\x4a\x14\xe1", 4, 0)     = 4
getrandom("\x11\x37\x0b\xae", 4, 0)     = 4
getrandom("\x73\xd6\xbb\x06", 4, 0)     = 4
getrandom("\x36\x3d\x1a\xc1", 4, 0)     = 4
getrandom("\x55\x87\x80\x17", 4, 0)     = 4
getrandom("\x69\x34\x63\xe7", 4, 0)     = 4
getrandom("\x5f\xea\x90\xef", 4, 0)     = 4
getrandom("\xee\xf0\xd4\x66", 4, 0)     = 4
getrandom("\x0a\xd9\xfd\xd2", 4, 0)     = 4
getrandom("\xa6\x82\x99\x15", 4, 0)     = 4
getrandom("\x3f\x8b\x69\x98", 4, 0)     = 4
getrandom("\xb4\x40\xe0\xcf", 4, 0)     = 4
getrandom("\xcd\xdd\x36\x00", 4, 0)     = 4
getrandom("\xc0\xdd\x01\x3e", 4, 0)     = 4
getrandom("\xc0\x69\x71\x93", 4, 0)     = 4
getrandom("\x44\x13\x17\xec", 4, 0)     = 4
getrandom("\xdc\x5f\x58\xb7", 4, 0)     = 4
getrandom("\x5c\x82\x0e\xfd", 4, 0)     = 4
getrandom("\xf6\x84\x94\xdf", 4, 0)     = 4
getrandom("\x4e\x08\x24\xfc", 4, 0)     = 4
getrandom("\xbd\x95\x22\x0a", 4, 0)     = 4
getrandom("\xff\x71\x1f\x6b", 4, 0)     = 4
getrandom("\x39\x32\x4c\xba", 4, 0)     = 4
getrandom("\xc9\xcb\x61\x4b", 4, 0)     = 4
getrandom("\x4d\x3b\xad\x70", 4, 0)     = 4
getrandom("\x93\x72\x29\x21", 4, 0)     = 4
getrandom("\x66\x29\xca\xf0", 4, 0)     = 4
getrandom("\xa3\x99\xd6\x6e", 4, 0)     = 4
getrandom("\x6d\x0d\xda\x90", 4, 0)     = 4
getrandom("\x2b\xe1\xc7\xd8", 4, 0)     = 4
getrandom("\xc7\xd1\x03\xd4", 4, 0)     = 4
getrandom("\xb3\x0c\x14\x36", 4, 0)     = 4
getrandom("\xc8\xbb\x25\xc6", 4, 0)     = 4
getrandom("\x06\xbe\x4b\x18", 4, 0)     = 4
getrandom("\x53\xa0\x18\xe7", 4, 0)     = 4
getrandom("\x41\x53\xa9\x77", 4, 0)     = 4
getrandom("\xdc\xef\x5f\x6f", 4, 0)     = 4
getrandom("\x31\xad\x02\x7c", 4, 0)     = 4
getrandom("\xe7\xa7\x35\x2c", 4, 0)     = 4
getrandom("\x11\xd4\xb8\xa7", 4, 0)     = 4
getrandom("\xc0\x51\x30\x70", 4, 0)     = 4
getrandom("\x6e\x9c\x77\x34", 4, 0)     = 4
getrandom("\xff\xa9\xa6\x31", 4, 0)     = 4
getrandom("\x34\x3d\x35\xcd", 4, 0)     = 4
getrandom("\xf6\xe1\x5e\x46", 4, 0)     = 4
getrandom("\x8b\x52\x70\x93", 4, 0)     = 4
getrandom("\xf1\x4e\x38\x4d", 4, 0)     = 4
getrandom("\xa3\xa5\xb1\xc9", 4, 0)     = 4
getrandom("\xac\x5c\xe3\x6d", 4, 0)     = 4
getrandom("\x67\x3f\x36\x54", 4, 0)     = 4
getrandom("\x0d\x6b\x35\xa4", 4, 0)     = 4
getrandom("\xeb\x8d\x08\xae", 4, 0)     = 4
getrandom("\x28\x29\x29\x64", 4, 0)     = 4
getrandom("\x2f\x70\x3f\x32", 4, 0)     = 4
getrandom("\x4a\xa7\x57\xc0", 4, 0)     = 4
getrandom("\xfd\xc1\xe7\x36", 4, 0)     = 4
getrandom("\x2d\x1c\x18\xec", 4, 0)     = 4
getrandom("\xae\x77\x4b\xc2", 4, 0)     = 4
getrandom("\x62\x1b\x5c\xb7", 4, 0)     = 4
getrandom("\x01\x0b\xad\x52", 4, 0)     = 4
getrandom("\xf8\x89\x01\x2c", 4, 0)     = 4
getrandom("\xb5\x1e\x3d\xdc", 4, 0)     = 4
getrandom("\x26\x65\x9c\xf4", 4, 0)     = 4
getrandom("\x01\x30\x43\x2f", 4, 0)     = 4
getrandom("\xe0\x91\x75\xe9", 4, 0)     = 4
getrandom("\x2c\x91\xf2\xf6", 4, 0)     = 4
getrandom("\x51\xc6\x9e\x1d", 4, 0)     = 4
getrandom("\xa0\x36\x8b\x03", 4, 0)     = 4
getrandom("\xc0\x81\x1f\x2a", 4, 0)     = 4
getrandom("\x02\x38\x5a\x1f", 4, 0)     = 4
getrandom("\x58\x68\x64\x6d", 4, 0)     = 4
getrandom("\xa7\x43\xa7\xf1", 4, 0)     = 4
getrandom("\x9c\x9b\x94\xdb", 4, 0)     = 4
getrandom("\x01\x07\xdd\x5c", 4, 0)     = 4
getrandom("\xb1\x0d\xc3\x5e", 4, 0)     = 4
getrandom("\xcc\x38\xad\x8f", 4, 0)     = 4
getrandom("\x08\x25\x36\xc4", 4, 0)     = 4
getrandom("\x0a\x49\x68\x73", 4, 0)     = 4
getrandom("\x32\xa4\x54\x76", 4, 0)     = 4
getrandom("\x0b\xa3\xb5\x23", 4, 0)     = 4
getrandom("\x46\x7a\x46\x96", 4, 0)     = 4
getrandom("\x9a\xb8\x20\x4f", 4, 0)     = 4
getrandom("\xbc\xb7\xcb\x6f", 4, 0)     = 4
getrandom("\x8c\x90\x8c\x76", 4, 0)     = 4
getrandom("\xfe\xdb\xd8\x45", 4, 0)     = 4
getrandom("\x1d\x6c\xbf\xc9", 4, 0)     = 4
getrandom("\x12\x73\xac\x74", 4, 0)     = 4
getrandom("\xc3\x8b\x62\x42", 4, 0)     = 4
getrandom("\xd1\x60\x7e\x86", 4, 0)     = 4
getrandom("\x0e\x7a\x40\xfb", 4, 0)     = 4
getrandom("\x62\x2d\xfa\x50", 4, 0)     = 4
getrandom("\x16\x3f\x7e\x67", 4, 0)     = 4
getrandom("\x93\xcf\xfb\x89", 4, 0)     = 4
getrandom("\xe3\x45\x87\x0a", 4, 0)     = 4
getrandom("\x1a\xa6\xa6\xb1", 4, 0)     = 4
getrandom("\x6b\xea\x3d\xa1", 4, 0)     = 4
getrandom("\x97\x50\xed\x12", 4, 0)     = 4
getrandom("\x87\x07\x02\xb3", 4, 0)     = 4
getrandom("\xf3\x2d\xb5\x15", 4, 0)     = 4
getrandom("\xef\xdd\xda\x03", 4, 0)     = 4
getrandom("\xc7\xbb\x4a\x80", 4, 0)     = 4
getrandom("\xd9\xc1\x13\x9a", 4, 0)     = 4
getrandom("\x52\xff\x8e\xa1", 4, 0)     = 4
getrandom("\x7c\xca\xea\x30", 4, 0)     = 4
getrandom("\xbd\xc2\x44\x47", 4, 0)     = 4
getrandom("\xbe\x81\x94\x3a", 4, 0)     = 4
getrandom("\xb8\xb1\x62\x6b", 4, 0)     = 4
getrandom("\xd6\xaf\x51\x00", 4, 0)     = 4
getrandom("\xb6\xf5\xff\x78", 4, 0)     = 4
getrandom("\xc1\x29\xc6\x0e", 4, 0)     = 4
getrandom("\x25\xa5\x21\x17", 4, 0)     = 4
getrandom("\x71\xf9\x41\x7f", 4, 0)     = 4
getrandom("\xbb\x87\x19\xe9", 4, 0)     = 4
getrandom("\xcd\x27\x72\x8f", 4, 0)     = 4
getrandom("\x94\x6b\x8c\x65", 4, 0)     = 4
getrandom("\x8a\xcd\xcf\xa7", 4, 0)     = 4
getrandom("\x03\x0c\xa2\x25", 4, 0)     = 4
getrandom("\x9f\xc7\x7f\x98", 4, 0)     = 4
getrandom("\x36\xe8\x66\xc1", 4, 0)     = 4
getrandom("\x94\x4a\x2c\x14", 4, 0)     = 4
getrandom("\x0d\xb1\xe8\xb0", 4, 0)     = 4
getrandom("\x00\x8e\x6d\xe7", 4, 0)     = 4
getrandom("\xef\x84\x24\x19", 4, 0)     = 4
getrandom("\xeb\x91\xc1\xdc", 4, 0)     = 4
getrandom("\x2c\xdb\xae\xc1", 4, 0)     = 4
getrandom("\xfb\x8d\xae\x83", 4, 0)     = 4
getrandom("\x29\xb7\x69\x93", 4, 0)     = 4
getrandom("\x04\x57\x92\xf3", 4, 0)     = 4
getrandom("\xff\xb9\x10\xbe", 4, 0)     = 4
getrandom("\x0e\xc6\x27\xb6", 4, 0)     = 4
getrandom("\x88\xb0\xeb\xae", 4, 0)     = 4
getrandom("\x59\x48\x52\x7f", 4, 0)     = 4
getrandom("\xec\x5e\x4d\x66", 4, 0)     = 4
getrandom("\x31\xb8\x06\x6c", 4, 0)     = 4
getrandom("\x45\xd8\xab\xc3", 4, 0)     = 4
getrandom("\x54\x7e\x76\x47", 4, 0)     = 4
getrandom("\xb4\x13\xf5\xae", 4, 0)     = 4
getrandom("\x68\x83\x71\x0a", 4, 0)     = 4
getrandom("\x6e\xb1\xc3\xb0", 4, 0)     = 4
getrandom("\xb6\xf0\x0a\xeb", 4, 0)     = 4
getrandom("\xec\x97\xec\x8f", 4, 0)     = 4
getrandom("\xb2\x72\x29\x14", 4, 0)     = 4
getrandom("\x50\x17\xbb\xbd", 4, 0)     = 4
getrandom("\x2c\x44\x04\xe8", 4, 0)     = 4
getrandom("\xc7\x13\xdd\x4b", 4, 0)     = 4
getrandom("\x3e\xa3\xda\x2f", 4, 0)     = 4
getrandom("\x58\x39\x31\x48", 4, 0)     = 4
getrandom("\xc6\x53\xbd\xd7", 4, 0)     = 4
getrandom("\xbf\x29\x8e\xd6", 4, 0)     = 4
getrandom("\x13\xe4\x97\xc6", 4, 0)     = 4
getrandom("\xdc\xe3\x80\x97", 4, 0)     = 4
getrandom("\xe0\x63\x58\x2e", 4, 0)     = 4
getrandom("\xe1\xf6\x0a\x8a", 4, 0)     = 4
getrandom("\xd9\xac\x7b\xbc", 4, 0)     = 4
getrandom("\x4c\xc4\x6d\xc0", 4, 0)     = 4
getrandom("\x63\x6f\x47\x2f", 4, 0)     = 4
getrandom("\xe9\x03\x30\x31", 4, 0)     = 4
getrandom("\x8b\x9c\xa0\x28", 4, 0)     = 4
getrandom("\xd2\x24\x57\xe7", 4, 0)     = 4
getrandom("\x84\xff\xe5\x4a", 4, 0)     = 4
getrandom("\x1a\xfb\x35\x3e", 4, 0)     = 4
getrandom("\xc3\xda\x77\x3e", 4, 0)     = 4
getrandom("\x9c\xb7\xf6\xcc", 4, 0)     = 4
getrandom("\x08\x64\xff\x34", 4, 0)     = 4
getrandom("\x1a\xbb\xed\xbd", 4, 0)     = 4
getrandom("\xe7\x7d\x0c\x3c", 4, 0)     = 4
getrandom("\xfc\x41\xed\x0d", 4, 0)     = 4
getrandom("\xbb\x76\x8d\x93", 4, 0)     = 4
getrandom("\x8f\x14\xb0\xf6", 4, 0)     = 4
getrandom("\x4e\xc4\xd4\x5a", 4, 0)     = 4
getrandom("\x1b\xfa\xff\x08", 4, 0)     = 4
getrandom("\xdb\x64\xf2\xd8", 4, 0)     = 4
getrandom("\x19\x75\x50\x1a", 4, 0)     = 4
getrandom("\xdd\x0d\xf5\x44", 4, 0)     = 4
getrandom("\x84\x7b\x7a\xa7", 4, 0)     = 4
getrandom("\xb7\xe4\x43\xc5", 4, 0)     = 4
getrandom("\xde\x5d\xae\x01", 4, 0)     = 4
getrandom("\xe0\xf7\xcf\x0f", 4, 0)     = 4
getrandom("\xda\x1d\x9b\xc6", 4, 0)     = 4
getrandom("\xf1\x3b\xa5\xee", 4, 0)     = 4
getrandom("\xb1\x83\xa3\x5e", 4, 0)     = 4
getrandom("\xb2\xdf\xb2\x19", 4, 0)     = 4
getrandom("\x8f\xb6\xd1\x2e", 4, 0)     = 4
getrandom("\x71\x0c\xc9\x3a", 4, 0)     = 4
getrandom("\x71\x22\xa6\x6d", 4, 0)     = 4
getrandom("\x98\x31\xba\x9a", 4, 0)     = 4
getrandom("\x21\xe0\xe5\x56", 4, 0)     = 4
getrandom("\x01\x4a\xe9\xb7", 4, 0)     = 4
getrandom("\x46\x90\xe1\xda", 4, 0)     = 4
getrandom("\xc8\x44\xf0\x2d", 4, 0)     = 4
getrandom("\x5c\x4e\x0f\xd8", 4, 0)     = 4
getrandom("\x34\xf0\x00\x2f", 4, 0)     = 4
getrandom("\xe2\xcc\xb7\x8f", 4, 0)     = 4
getrandom("\x90\x42\x67\x30", 4, 0)     = 4
getrandom("\x86\x79\x28\x61", 4, 0)     = 4
getrandom("\x8a\x15\x70\xc8", 4, 0)     = 4
getrandom("\xde\x11\x62\x15", 4, 0)     = 4
getrandom("\x9d\x7b\x5b\x2a", 4, 0)     = 4
getrandom("\xc3\x9f\xd1\x53", 4, 0)     = 4
getrandom("\x69\x36\xe8\x0d", 4, 0)     = 4
getrandom("\x27\x5c\x54\x11", 4, 0)     = 4
getrandom("\xf9\x2e\xdf\x0d", 4, 0)     = 4
getrandom("\x91\x9b\x26\x43", 4, 0)     = 4
getrandom("\xde\xea\xe1\x9a", 4, 0)     = 4
getrandom("\x51\x77\xb6\x54", 4, 0)     = 4
getrandom("\xd7\x87\x01\x9e", 4, 0)     = 4
getrandom("\x42\x87\xad\xd6", 4, 0)     = 4
getrandom("\xc0\x08\x0d\x31", 4, 0)     = 4
getrandom("\xa6\xa9\x8d\x76", 4, 0)     = 4
getrandom("\x92\x33\xdb\xfe", 4, 0)     = 4
getrandom("\xac\x50\x3e\x24", 4, 0)     = 4
getrandom("\xc2\x6f\x0c\x35", 4, 0)     = 4
getrandom("\xa3\x48\x87\x82", 4, 0)     = 4
getrandom("\x51\x08\x66\x3b", 4, 0)     = 4
getrandom("\x9f\x1c\x1a\x6e", 4, 0)     = 4
getrandom("\x92\x3e\x21\x76", 4, 0)     = 4
getrandom("\x6c\x41\x5a\x3c", 4, 0)     = 4
getrandom("\x11\x7e\x98\x15", 4, 0)     = 4
getrandom("\xf2\x58\x47\x9b", 4, 0)     = 4
getrandom("\x26\x9c\xf6\x3d", 4, 0)     = 4
getrandom("\x9f\xf9\x70\xdf", 4, 0)     = 4
getrandom("\x70\x23\x6c\xcb", 4, 0)     = 4
getrandom("\x84\x35\x3c\x81", 4, 0)     = 4
getrandom("\x59\xdf\x2f\xcc", 4, 0)     = 4
getrandom("\x0b\x42\x16\xad", 4, 0)     = 4
getrandom("\x97\x29\x6c\xdd", 4, 0)     = 4
getrandom("\xa3\xc4\xa9\xd0", 4, 0)     = 4
getrandom("\xaf\x27\x6d\x65", 4, 0)     = 4
getrandom("\x87\x6d\xa3\x8a", 4, 0)     = 4
getrandom("\x50\xcf\xaa\xd2", 4, 0)     = 4
getrandom("\xf3\x23\x4f\x5a", 4, 0)     = 4
getrandom("\xff\x7c\xd6\xa1", 4, 0)     = 4
getrandom("\x6f\x7a\xf0\xc2", 4, 0)     = 4
getrandom("\xd1\x46\x1e\xaa", 4, 0)     = 4
getrandom("\x67\xc2\xcd\xc7", 4, 0)     = 4
getrandom("\x92\x8f\x19\xc8", 4, 0)     = 4
getrandom("\xcf\xe6\xfb\xb5", 4, 0)     = 4
getrandom("\x87\x9c\x0e\x40", 4, 0)     = 4
getrandom("\x54\x79\xad\x8b", 4, 0)     = 4
getrandom("\x80\xcb\xaf\x23", 4, 0)     = 4
getrandom("\xee\xe6\x2c\x64", 4, 0)     = 4
getrandom("\x54\x02\x5f\xe9", 4, 0)     = 4
getrandom("\x4b\x6b\x34\xd4", 4, 0)     = 4
getrandom("\x3f\xe3\x01\xa2", 4, 0)     = 4
getrandom("\xa4\x6a\xd0\xdd", 4, 0)     = 4
getrandom("\x1f\x60\x8b\xd8", 4, 0)     = 4
getrandom("\x7f\xfa\x1e\xab", 4, 0)     = 4
getrandom("\xfe\x32\xf6\x8a", 4, 0)     = 4
getrandom("\xcc\x70\x8d\xa8", 4, 0)     = 4
getrandom("\xf5\x51\x11\x58", 4, 0)     = 4
getrandom("\x0e\xac\x7e\x9f", 4, 0)     = 4
getrandom("\x36\x60\xc8\xe3", 4, 0)     = 4
getrandom("\xd0\xc5\x67\xd4", 4, 0)     = 4
getrandom("\xae\x30\xf7\x53", 4, 0)     = 4
getrandom("\x74\xb4\xdf\xe9", 4, 0)     = 4
getrandom("\x5a\x1f\x49\x3c", 4, 0)     = 4
getrandom("\xa9\x65\xf0\x94", 4, 0)     = 4
getrandom("\x5f\x8a\x3f\xc4", 4, 0)     = 4
getrandom("\xad\xc3\x01\xaf", 4, 0)     = 4
getrandom("\xd1\x1e\xf4\xdf", 4, 0)     = 4
getrandom("\x79\xbe\x05\x3d", 4, 0)     = 4
getrandom("\xdc\x78\x5e\x78", 4, 0)     = 4
getrandom("\x07\xa2\x80\x25", 4, 0)     = 4
getrandom("\xcf\x86\xa4\x9b", 4, 0)     = 4
getrandom("\x8f\x1c\xce\xca", 4, 0)     = 4
getrandom("\x17\x7e\x67\x90", 4, 0)     = 4
getrandom("\x05\x6e\xee\xfa", 4, 0)     = 4
getrandom("\x2a\xcb\x59\x21", 4, 0)     = 4
getrandom("\x4e\xde\x05\x92", 4, 0)     = 4
getrandom("\x2c\xa3\xc6\x9b", 4, 0)     = 4
getrandom("\xd3\x0d\x0e\x12", 4, 0)     = 4
getrandom("\x1f\x59\x0e\xf8", 4, 0)     = 4
getrandom("\xc7\x08\x27\x31", 4, 0)     = 4
getrandom("\xa7\x3f\x4c\x1d", 4, 0)     = 4
getrandom("\xce\x2f\x3d\xb3", 4, 0)     = 4
getrandom("\xe8\xc6\xc5\x7c", 4, 0)     = 4
getrandom("\xb7\x21\xea\xe3", 4, 0)     = 4
getrandom("\x6b\xac\x74\xbf", 4, 0)     = 4
getrandom("\x73\x4a\x1e\xea", 4, 0)     = 4
getrandom("\x8c\x82\xf2\x1f", 4, 0)     = 4
getrandom("\xb2\x75\xdb\x16", 4, 0)     = 4
getrandom("\x25\x81\x12\xad", 4, 0)     = 4
getrandom("\xb0\x30\x82\xf6", 4, 0)     = 4
getrandom("\x79\xa3\x77\x65", 4, 0)     = 4
getrandom("\x48\x5b\x15\x73", 4, 0)     = 4
getrandom("\x7a\xa7\x7d\x1c", 4, 0)     = 4
getrandom("\xd2\xb9\x9a\x75", 4, 0)     = 4
getrandom("\x82\x0d\x6e\x86", 4, 0)     = 4
getrandom("\xba\x11\x32\xd3", 4, 0)     = 4
getrandom("\x24\xc6\x07\xee", 4, 0)     = 4
getrandom("\x68\xfd\x63\xdf", 4, 0)     = 4
getrandom("\x18\xce\x0d\x53", 4, 0)     = 4
getrandom("\x51\x0c\x8c\x24", 4, 0)     = 4
getrandom("\x3b\xec\x91\x47", 4, 0)     = 4
getrandom("\x24\xaf\x8c\xb5", 4, 0)     = 4
getrandom("\x4a\xad\x67\xac", 4, 0)     = 4
getrandom("\x7f\xb2\x6d\x1e", 4, 0)     = 4
getrandom("\x94\xd4\x2e\x0f", 4, 0)     = 4
getrandom("\xb0\xef\x46\x3a", 4, 0)     = 4
getrandom("\xca\xed\x6d\xa7", 4, 0)     = 4
getrandom("\x22\xe3\x99\xbb", 4, 0)     = 4
getrandom("\x78\x68\xba\x98", 4, 0)     = 4
getrandom("\xf4\x92\x47\x5a", 4, 0)     = 4
getrandom("\xf8\x12\x6d\x23", 4, 0)     = 4
getrandom("\xd1\x5d\x55\x1c", 4, 0)     = 4
getrandom("\xb0\x37\x04\x31", 4, 0)     = 4
getrandom("\x7d\x3a\x67\x1f", 4, 0)     = 4
getrandom("\x95\x98\xe1\x0e", 4, 0)     = 4
getrandom("\x37\xf3\xc5\xc0", 4, 0)     = 4
getrandom("\x48\x04\x6b\x76", 4, 0)     = 4
getrandom("\xc5\x5c\x72\x3f", 4, 0)     = 4
getrandom("\x96\x79\x66\xf9", 4, 0)     = 4
getrandom("\x04\x6d\x27\x73", 4, 0)     = 4
getrandom("\xa4\x0f\x38\x63", 4, 0)     = 4
getrandom("\x3f\x86\xb7\x3c", 4, 0)     = 4
getrandom("\x0e\x83\xfd\x56", 4, 0)     = 4
getrandom("\xf2\x96\x81\x1a", 4, 0)     = 4
getrandom("\x6f\x80\x85\x9c", 4, 0)     = 4
getrandom("\xd3\xe1\x28\xa2", 4, 0)     = 4
getrandom("\x16\xf4\x43\xb5", 4, 0)     = 4
getrandom("\x7f\x29\x4a\xfb", 4, 0)     = 4
getrandom("\xaf\x83\x9b\xb9", 4, 0)     = 4
getrandom("\x43\x1f\x85\x81", 4, 0)     = 4
getrandom("\x76\x47\x36\x24", 4, 0)     = 4
getrandom("\xef\x77\xf0\x54", 4, 0)     = 4
getrandom("\xa6\x82\x0e\xa1", 4, 0)     = 4
getrandom("\x5a\x51\xc3\x24", 4, 0)     = 4
getrandom("\xb4\x8d\xcf\x8b", 4, 0)     = 4
getrandom("\x9e\xc4\x27\x40", 4, 0)     = 4
getrandom("\x5d\xac\x82\x48", 4, 0)     = 4
getrandom("\xd0\xf5\xcf\x6d", 4, 0)     = 4
getrandom("\x8d\xb3\x40\xb5", 4, 0)     = 4
getrandom("\x0d\x16\x5a\xc0", 4, 0)     = 4
getrandom("\x45\xfa\x45\xb2", 4, 0)     = 4
getrandom("\x8b\xf9\x3a\x00", 4, 0)     = 4
getrandom("\x62\x95\x24\x74", 4, 0)     = 4
getrandom("\x71\x88\x48\xdd", 4, 0)     = 4
getrandom("\xc5\x02\xbd\x66", 4, 0)     = 4
getrandom("\xf4\x80\xca\x84", 4, 0)     = 4
getrandom("\xad\xc5\xad\x90", 4, 0)     = 4
getrandom("\x83\x76\xe6\x61", 4, 0)     = 4
getrandom("\x6b\x57\xac\xc9", 4, 0)     = 4
getrandom("\xbe\x4d\x29\x82", 4, 0)     = 4
getrandom("\x04\x05\x31\xa4", 4, 0)     = 4
getrandom("\xef\x89\x3d\x6c", 4, 0)     = 4
getrandom("\x40\x09\x82\x65", 4, 0)     = 4
getrandom("\x8b\xbf\x76\x97", 4, 0)     = 4
getrandom("\x68\xae\xf0\x25", 4, 0)     = 4
getrandom("\x5c\x92\x3d\xac", 4, 0)     = 4
getrandom("\x6f\xf4\xfe\x0e", 4, 0)     = 4
getrandom("\x8c\xb7\xc1\x0f", 4, 0)     = 4
getrandom("\xd0\x1d\xae\x48", 4, 0)     = 4
getrandom("\xb1\x37\xe4\x98", 4, 0)     = 4
getrandom("\xd8\x50\x99\x54", 4, 0)     = 4
getrandom("\x87\x83\xc7\x31", 4, 0)     = 4
getrandom("\xd1\x8a\xf0\x2c", 4, 0)     = 4
getrandom("\x2f\x35\xc8\x19", 4, 0)     = 4
getrandom("\x05\x07\xbc\x59", 4, 0)     = 4
getrandom("\x9b\x6a\xc9\x53", 4, 0)     = 4
getrandom("\x30\x18\x8e\x4c", 4, 0)     = 4
getrandom("\xc2\x84\xa7\x52", 4, 0)     = 4
getrandom("\x38\xa6\x7a\x7a", 4, 0)     = 4
getrandom("\x5d\x61\x21\x36", 4, 0)     = 4
getrandom("\xf1\x11\x66\xae", 4, 0)     = 4
getrandom("\x4e\x69\x3c\x17", 4, 0)     = 4
getrandom("\xfb\x3c\x91\x79", 4, 0)     = 4
getrandom("\x28\xa5\x09\xc8", 4, 0)     = 4
getrandom("\xf9\x04\xc4\xe8", 4, 0)     = 4
getrandom("\x4f\xf9\x80\xb7", 4, 0)     = 4
getrandom("\xc1\xc8\xe7\xc7", 4, 0)     = 4
getrandom("\x17\xc3\x6c\x96", 4, 0)     = 4
getrandom("\xe9\x50\xf6\xa4", 4, 0)     = 4
getrandom("\x0e\x12\xce\x64", 4, 0)     = 4
getrandom("\x54\x49\xc8\xd4", 4, 0)     = 4
getrandom("\x6d\x25\x56\x5c", 4, 0)     = 4
getrandom("\x4d\x62\xbc\xab", 4, 0)     = 4
getrandom("\x4f\x52\xab\x18", 4, 0)     = 4
getrandom("\x86\xcb\x37\x7c", 4, 0)     = 4
getrandom("\xc5\xb3\x66\xd0", 4, 0)     = 4
getrandom("\x16\x4f\xa1\x89", 4, 0)     = 4
getrandom("\x4f\xa6\xbb\xc0", 4, 0)     = 4
getrandom("\xac\x0e\x0e\xc1", 4, 0)     = 4
getrandom("\x3a\x41\x0c\x45", 4, 0)     = 4
getrandom("\x3f\x65\x9b\x87", 4, 0)     = 4
getrandom("\x90\x14\x3a\x1e", 4, 0)     = 4
getrandom("\x98\x2c\x40\x1b", 4, 0)     = 4
getrandom("\xfd\xb3\x6b\x20", 4, 0)     = 4
getrandom("\x1d\x79\xd0\xcc", 4, 0)     = 4
getrandom("\xa8\x21\x8d\xb7", 4, 0)     = 4
getrandom("\xd3\xae\x5e\xf5", 4, 0)     = 4
getrandom("\x52\x15\xfd\x79", 4, 0)     = 4
getrandom("\x21\x6f\xf7\x99", 4, 0)     = 4
getrandom("\xef\xa2\x1f\x3b", 4, 0)     = 4
getrandom("\x36\x3b\xad\xc9", 4, 0)     = 4
getrandom("\x62\x3a\xc5\x9c", 4, 0)     = 4
getrandom("\x69\x06\x28\x63", 4, 0)     = 4
getrandom("\x62\x55\x4d\x71", 4, 0)     = 4
getrandom("\x52\xdd\x68\xaa", 4, 0)     = 4
getrandom("\x51\x8c\xcc\xb5", 4, 0)     = 4
getrandom("\x8e\xe4\xce\xf0", 4, 0)     = 4
getrandom("\xef\xda\xdc\x69", 4, 0)     = 4
getrandom("\x50\x59\x58\xf7", 4, 0)     = 4
getrandom("\xb1\xe1\x8c\xcd", 4, 0)     = 4
getrandom("\x95\x54\x11\xce", 4, 0)     = 4
getrandom("\xc9\x64\x2e\x08", 4, 0)     = 4
getrandom("\xa3\x07\x12\x1a", 4, 0)     = 4
getrandom("\x8f\xce\x63\xb4", 4, 0)     = 4
getrandom("\x86\xb5\x1a\xb0", 4, 0)     = 4
getrandom("\x26\xf8\x1a\xee", 4, 0)     = 4
getrandom("\x41\xae\x7c\xcd", 4, 0)     = 4
getrandom("\x5c\x1a\xa4\x5a", 4, 0)     = 4
getrandom("\x5f\x30\xe1\xb9", 4, 0)     = 4
getrandom("\x8f\x91\x87\x56", 4, 0)     = 4
getrandom("\x46\xd3\x66\x79", 4, 0)     = 4
getrandom("\xbc\xee\x00\xa3", 4, 0)     = 4
getrandom("\x5a\x64\x0c\xd7", 4, 0)     = 4
getrandom("\x75\xc4\x80\xd2", 4, 0)     = 4
getrandom("\x7e\xcc\x87\xb1", 4, 0)     = 4
getrandom("\xbe\x3f\x8a\xb9", 4, 0)     = 4
getrandom("\x6c\xa7\x36\x61", 4, 0)     = 4
getrandom("\xe8\x6d\xb9\x16", 4, 0)     = 4
getrandom("\x7f\xbe\x2b\xc3", 4, 0)     = 4
getrandom("\xc7\x60\x21\x22", 4, 0)     = 4
getrandom("\x24\x04\x98\x5b", 4, 0)     = 4
getrandom("\x3d\x50\x7b\xa3", 4, 0)     = 4
getrandom("\xa5\xb5\xe3\xa6", 4, 0)     = 4
getrandom("\xe3\x03\x44\xd9", 4, 0)     = 4
getrandom("\x70\x8e\xab\xe7", 4, 0)     = 4
getrandom("\xaa\xf2\xaa\xdb", 4, 0)     = 4
getrandom("\x70\xf6\x82\x12", 4, 0)     = 4
getrandom("\x86\x1f\x38\xe3", 4, 0)     = 4
getrandom("\x60\x1e\x70\xdf", 4, 0)     = 4
getrandom("\x44\xdc\xcd\x1f", 4, 0)     = 4
getrandom("\xc8\x63\xb9\x65", 4, 0)     = 4
getrandom("\xc1\xec\x14\x60", 4, 0)     = 4
getrandom("\x79\x0e\x5c\xb0", 4, 0)     = 4
getrandom("\x8a\x6d\xbc\x45", 4, 0)     = 4
getrandom("\x67\xc4\xfe\xe2", 4, 0)     = 4
getrandom("\xf9\xda\xe0\x57", 4, 0)     = 4
getrandom("\x2d\x96\xae\xb7", 4, 0)     = 4
getrandom("\x8f\x5e\x1d\x72", 4, 0)     = 4
getrandom("\xe3\xed\x74\x2c", 4, 0)     = 4
getrandom("\xb7\x6d\x4b\x35", 4, 0)     = 4
getrandom("\x64\x35\x2f\xa7", 4, 0)     = 4
getrandom("\x64\xb9\xe3\xf1", 4, 0)     = 4
getrandom("\x47\x8a\x7c\x64", 4, 0)     = 4
getrandom("\x34\x6d\x5f\x17", 4, 0)     = 4
getrandom("\xc1\xc0\xfd\x80", 4, 0)     = 4
getrandom("\xce\x3f\xda\x86", 4, 0)     = 4
getrandom("\x23\x8d\x07\x72", 4, 0)     = 4
getrandom("\x2a\x56\x9a\x77", 4, 0)     = 4
getrandom("\xa5\x94\x4e\xdc", 4, 0)     = 4
getrandom("\xc2\xaa\x72\x6b", 4, 0)     = 4
getrandom("\xbb\x9c\x18\x19", 4, 0)     = 4
getrandom("\xa8\x6b\x3d\x06", 4, 0)     = 4
getrandom("\x03\x2f\x03\xf9", 4, 0)     = 4
getrandom("\x39\x30\x35\x34", 4, 0)     = 4
getrandom("\xaf\x34\x30\x4a", 4, 0)     = 4
getrandom("\x29\x4f\x06\xf9", 4, 0)     = 4
getrandom("\x88\x30\x27\x72", 4, 0)     = 4
getrandom("\xa2\x1b\x17\x5b", 4, 0)     = 4
getrandom("\x45\xb0\x38\x13", 4, 0)     = 4
getrandom("\xf0\x5e\x51\xb3", 4, 0)     = 4
getrandom("\xba\x41\x13\x56", 4, 0)     = 4
getrandom("\xd3\xea\xd2\xff", 4, 0)     = 4
getrandom("\x7f\x99\x19\x0c", 4, 0)     = 4
getrandom("\x4e\xc7\x3d\xd8", 4, 0)     = 4
getrandom("\xae\x4d\x1c\x0a", 4, 0)     = 4
getrandom("\x4e\xd9\xbe\xd3", 4, 0)     = 4
getrandom("\xde\x2a\x85\x1d", 4, 0)     = 4
getrandom("\x13\xb1\xeb\xd9", 4, 0)     = 4
getrandom("\x3e\x5c\x58\x63", 4, 0)     = 4
getrandom("\x5e\x21\xc0\x50", 4, 0)     = 4
getrandom("\xd1\x32\x5a\x90", 4, 0)     = 4
getrandom("\x97\xa0\x7b\x33", 4, 0)     = 4
getrandom("\x3d\x34\xf2\x7d", 4, 0)     = 4
getrandom("\xce\xc8\xd1\xae", 4, 0)     = 4
getrandom("\x26\x6c\xeb\xf7", 4, 0)     = 4
getrandom("\x0c\x3c\x9c\xb0", 4, 0)     = 4
getrandom("\x28\x35\xb6\xac", 4, 0)     = 4
getrandom("\x05\x20\x98\x5b", 4, 0)     = 4
getrandom("\x9a\x56\x3e\x82", 4, 0)     = 4
getrandom("\xac\x60\x70\xa4", 4, 0)     = 4
getrandom("\xb9\x71\x27\x86", 4, 0)     = 4
getrandom("\x52\xff\xc6\xf1", 4, 0)     = 4
getrandom("\x4e\xa1\x48\xff", 4, 0)     = 4
getrandom("\xac\x8c\x60\x90", 4, 0)     = 4
getrandom("\x6e\xe5\xfe\xaa", 4, 0)     = 4
getrandom("\x92\xd8\x3a\xb1", 4, 0)     = 4
getrandom("\x28\x8a\xee\xb9", 4, 0)     = 4
getrandom("\x7e\xef\xe2\x7a", 4, 0)     = 4
getrandom("\xf6\x8c\x20\xb8", 4, 0)     = 4
getrandom("\xa8\xa4\x71\x89", 4, 0)     = 4
getrandom("\x47\xa8\xc3\x16", 4, 0)     = 4
getrandom("\x43\x76\xc2\xee", 4, 0)     = 4
getrandom("\x3a\x3a\x8d\x86", 4, 0)     = 4
getrandom("\x37\x38\x56\xe4", 4, 0)     = 4
getrandom("\x7c\x44\x9b\x47", 4, 0)     = 4
getrandom("\xae\x41\xda\x3b", 4, 0)     = 4
getrandom("\xc5\x91\x4d\xf4", 4, 0)     = 4
getrandom("\x0c\x54\x46\x36", 4, 0)     = 4
getrandom("\x42\x66\x31\xf4", 4, 0)     = 4
getrandom("\x01\xb2\xe4\x3b", 4, 0)     = 4
getrandom("\xaa\x58\x73\xab", 4, 0)     = 4
getrandom("\xb2\x06\x84\xa3", 4, 0)     = 4
getrandom("\xab\xbc\x47\x55", 4, 0)     = 4
getrandom("\xd3\x4c\x97\x72", 4, 0)     = 4
getrandom("\x4f\x63\xb1\xcf", 4, 0)     = 4
getrandom("\x4f\xaa\x33\xfc", 4, 0)     = 4
getrandom("\xb6\xb8\xd9\x36", 4, 0)     = 4
getrandom("\x06\xd9\xe5\x12", 4, 0)     = 4
getrandom("\x6b\x0f\x18\x83", 4, 0)     = 4
getrandom("\x93\xf9\xae\x51", 4, 0)     = 4
getrandom("\x47\x58\x38\xbc", 4, 0)     = 4
getrandom("\x1b\xd2\xea\x6b", 4, 0)     = 4
getrandom("\x89\x42\x07\x02", 4, 0)     = 4
getrandom("\x04\x56\x39\xbe", 4, 0)     = 4
getrandom("\xf9\x2b\xc7\x47", 4, 0)     = 4
getrandom("\xbb\x50\xe5\x49", 4, 0)     = 4
getrandom("\x33\xe3\xeb\xda", 4, 0)     = 4
getrandom("\x5f\xbb\x52\x6e", 4, 0)     = 4
getrandom("\xe2\x18\x02\x8b", 4, 0)     = 4
getrandom("\xbd\x53\x56\xea", 4, 0)     = 4
getrandom("\x6f\x46\x14\xdc", 4, 0)     = 4
getrandom("\x03\xd5\x78\x8a", 4, 0)     = 4
getrandom("\x4e\x3d\x58\xe2", 4, 0)     = 4
getrandom("\x1d\x8c\xa5\xbf", 4, 0)     = 4
getrandom("\x6c\x84\x9a\x72", 4, 0)     = 4
getrandom("\x3a\x3f\xd4\xfc", 4, 0)     = 4
getrandom("\xce\x6b\x8a\x9b", 4, 0)     = 4
getrandom("\xbd\xe6\xe2\xc5", 4, 0)     = 4
getrandom("\x80\x25\x32\x3c", 4, 0)     = 4
getrandom("\x6c\x41\x92\xda", 4, 0)     = 4
getrandom("\xad\x22\xca\xa9", 4, 0)     = 4
getrandom("\x1d\x9b\x17\x79", 4, 0)     = 4
getrandom("\xca\x62\xa9\x66", 4, 0)     = 4
getrandom("\x51\x44\xa7\xb9", 4, 0)     = 4
getrandom("\xef\xd5\x88\x6f", 4, 0)     = 4
getrandom("\xe7\x6b\x7c\x03", 4, 0)     = 4
getrandom("\xd9\x71\x80\x2b", 4, 0)     = 4
getrandom("\xc4\x35\x78\x74", 4, 0)     = 4
getrandom("\xeb\x75\x5c\x4b", 4, 0)     = 4
getrandom("\xb6\x03\xdf\xb0", 4, 0)     = 4
getrandom("\x2d\x4f\x5b\x49", 4, 0)     = 4
getrandom("\xf2\x9b\x8c\x0d", 4, 0)     = 4
getrandom("\x43\xe9\x74\xc9", 4, 0)     = 4
getrandom("\xa6\x26\x42\x0d", 4, 0)     = 4
getrandom("\xd2\x65\x48\x6e", 4, 0)     = 4
getrandom("\x35\xcb\xa8\x78", 4, 0)     = 4
getrandom("\xab\x97\x7f\xcb", 4, 0)     = 4
getrandom("\x56\xc4\xb7\x44", 4, 0)     = 4
getrandom("\x25\xd7\x6b\x0c", 4, 0)     = 4
getrandom("\xdc\xb1\x3a\x03", 4, 0)     = 4
getrandom("\xb3\xaf\xb6\x10", 4, 0)     = 4
getrandom("\xab\x02\xc0\xd4", 4, 0)     = 4
getrandom("\x4d\x98\x99\xf0", 4, 0)     = 4
getrandom("\x91\x67\x91\x02", 4, 0)     = 4
getrandom("\x1e\xf1\xc6\xb2", 4, 0)     = 4
getrandom("\xde\x41\xa2\xb5", 4, 0)     = 4
getrandom("\x5c\x50\xbe\x0f", 4, 0)     = 4
getrandom("\xc5\x23\xb8\x45", 4, 0)     = 4
getrandom("\x9f\xab\xe0\x52", 4, 0)     = 4
getrandom("\xbe\x14\x8e\xa2", 4, 0)     = 4
getrandom("\x77\x0f\xb6\x44", 4, 0)     = 4
getrandom("\xb1\xca\x4e\x94", 4, 0)     = 4
getrandom("\xfb\xe0\x58\x3d", 4, 0)     = 4
getrandom("\x56\x62\xf0\x7e", 4, 0)     = 4
getrandom("\x5f\xb2\x62\x3c", 4, 0)     = 4
getrandom("\x38\x5d\xa4\x52", 4, 0)     = 4
getrandom("\x5e\xbd\xca\x78", 4, 0)     = 4
getrandom("\xd6\x79\xc5\xdf", 4, 0)     = 4
getrandom("\x73\xb7\x5a\xa3", 4, 0)     = 4
getrandom("\x09\x57\xeb\x4f", 4, 0)     = 4
getrandom("\xf0\x79\x3c\xee", 4, 0)     = 4
getrandom("\x4e\x82\x7d\xb0", 4, 0)     = 4
getrandom("\x22\x27\xe3\x91", 4, 0)     = 4
getrandom("\x9e\x14\xec\xef", 4, 0)     = 4
getrandom("\x4f\x26\x24\x63", 4, 0)     = 4
getrandom("\xf7\x50\xce\x8c", 4, 0)     = 4
getrandom("\x4d\xb7\x18\xf3", 4, 0)     = 4
getrandom("\xdf\x19\x81\xfd", 4, 0)     = 4
getrandom("\x79\x2d\x72\xaa", 4, 0)     = 4
getrandom("\x47\xf3\x3c\xc9", 4, 0)     = 4
socketpair(AF_UNIX, SOCK_STREAM, 0, [4, 5]) = 0
fcntl(4, F_GETFL)                       = 0x2 (flags O_RDWR)
getsockopt(4, SOL_SOCKET, SO_DOMAIN, [1], [4]) = 0
getsockopt(4, SOL_SOCKET, SO_TYPE, [1], [4]) = 0
getsockopt(4, SOL_SOCKET, SO_PROTOCOL, [0], [4]) = 0
fcntl(5, F_GETFL)                       = 0x2 (flags O_RDWR)
getsockopt(5, SOL_SOCKET, SO_DOMAIN, [1], [4]) = 0
getsockopt(5, SOL_SOCKET, SO_TYPE, [1], [4]) = 0
getsockopt(5, SOL_SOCKET, SO_PROTOCOL, [0], [4]) = 0
getsockopt(4, SOL_SOCKET, SO_DOMAIN, [1], [4]) = 0
getsockopt(4, SOL_SOCKET, SO_TYPE, [1], [4]) = 0
getsockopt(4, SOL_SOCKET, SO_PROTOCOL, [0], [4]) = 0
getsockopt(5, SOL_SOCKET, SO_DOMAIN, [1], [4]) = 0
getsockopt(5, SOL_SOCKET, SO_TYPE, [1], [4]) = 0
getsockopt(5, SOL_SOCKET, SO_PROTOCOL, [0], [4]) = 0
fcntl(5, F_GETFL)                       = 0x2 (flags O_RDWR)
fcntl(5, F_SETFL, O_RDWR|O_NONBLOCK)    = 0
fcntl(4, F_GETFL)                       = 0x2 (flags O_RDWR)
fcntl(4, F_SETFL, O_RDWR|O_NONBLOCK)    = 0
write(2, "DEBUG: minnow connecting to ", 28) = 28
write(2, "169.254.144.1:9090", 18)      = 18
write(2, "...\n", 4)                    = 4
writev(3, [{iov_base="E\0\0(\0\0@\0\200\6\206\310\251\376\220\t\251\376\220\1", iov_len=20}, {iov_base="\373\272#\202<N\206/\0\0\0\0P\2\372\0`\37\0\0", iov_len=20}], 2) = -1 EIO (Input/output error)
futex(0xea4f4eb90254, FUTEX_WAKE_PRIVATE, 2147483647) = 0
close(5)                                = 0
close(3)                                = 0
close(4)                                = 0
write(2, "Exception: ", 11)             = 11
write(2, "writev: Input/output error", 26) = 26
write(2, "\n", 1)                       = 1
exit_group(1)                           = ?
+++ exited with 1 +++
